Using pre-set license
Built from '2020.3/staging' branch; Version is '2020.3.30f1 (1fb1bf06830e) revision 2077119'; Using compiler version '192528614'; Build Type 'Release'
OS: 'Windows 10  (10.0.19044) 64bit Enterprise' Language: 'en' Physical Memory: 8073 MB
BatchMode: 1, IsHumanControllingUs: 0, StartBugReporterOnCrash: 0, Is64bit: 1, IsPro: 0

COMMAND LINE ARGUMENTS:
E:\0UN-karshenasi\2 term\ahmadpanah\unity\2020.3.30f1\Editor\Unity.exe
-adb2
-batchMode
-noUpm
-name
AssetImportWorker1
-projectPath
E:/0UN-karshenasi/2 term/ahmadpanah/porozeh/vincenzo2
-logFile
Logs/AssetImportWorker1.log
-srvPort
50210
Successfully changed project path to: E:/0UN-karshenasi/2 term/ahmadpanah/porozeh/vincenzo2
E:/0UN-karshenasi/2 term/ahmadpanah/porozeh/vincenzo2
Using Asset Import Pipeline V2.
Refreshing native plugins compatible for Editor in 53.22 ms, found 3 plugins.
Preloading 0 native plugins for Editor in 0.00 ms.
Initialize engine version: 2020.3.30f1 (1fb1bf06830e)
[Subsystems] Discovering subsystems at path E:/0UN-karshenasi/2 term/ahmadpanah/unity/2020.3.30f1/Editor/Data/Resources/UnitySubsystems
[Subsystems] Discovering subsystems at path E:/0UN-karshenasi/2 term/ahmadpanah/porozeh/vincenzo2/Assets
GfxDevice: creating device client; threaded=0
Direct3D:
    Version:  Direct3D 11.0 [level 11.0]
    Renderer: NVIDIA GeForce GTX 950M (ID=0x139a)
    Vendor:   
    VRAM:     4055 MB
    Driver:   27.21.14.5167
Initialize mono
Mono path[0] = 'E:/0UN-karshenasi/2 term/ahmadpanah/unity/2020.3.30f1/Editor/Data/Managed'
Mono path[1] = 'E:/0UN-karshenasi/2 term/ahmadpanah/unity/2020.3.30f1/Editor/Data/MonoBleedingEdge/lib/mono/unityjit'
Mono config path = 'E:/0UN-karshenasi/2 term/ahmadpanah/unity/2020.3.30f1/Editor/Data/MonoBleedingEdge/etc'
Using monoOptions --debugger-agent=transport=dt_socket,embedding=1,server=y,suspend=n,address=127.0.0.1:56096
Begin MonoManager ReloadAssembly
Registering precompiled unity dll's ...
Register platform support module: E:/0UN-karshenasi/2 term/ahmadpanah/unity/2020.3.30f1/Editor/Data/PlaybackEngines/WebGLSupport/UnityEditor.WebGL.Extensions.dll
Register platform support module: E:/0UN-karshenasi/2 term/ahmadpanah/unity/2020.3.30f1/Editor/Data/PlaybackEngines/WindowsStandaloneSupport/UnityEditor.WindowsStandalone.Extensions.dll
Registered in 0.001453 seconds.
Native extension for WindowsStandalone target not found
Native extension for WebGL target not found
Refreshing native plugins compatible for Editor in 55.85 ms, found 3 plugins.
Preloading 0 native plugins for Editor in 0.00 ms.
Mono: successfully reloaded assembly
- Completed reload, in  0.650 seconds
Domain Reload Profiling:
	ReloadAssembly (650ms)
		BeginReloadAssembly (64ms)
			ExecutionOrderSort (0ms)
			DisableScriptedObjects (0ms)
			BackupInstance (0ms)
			ReleaseScriptingObjects (0ms)
			CreateAndSetChildDomain (1ms)
		EndReloadAssembly (507ms)
			LoadAssemblies (64ms)
			RebuildTransferFunctionScriptingTraits (0ms)
			SetupTypeCache (168ms)
			ReleaseScriptCaches (0ms)
			RebuildScriptCaches (35ms)
			SetupLoadedEditorAssemblies (193ms)
				LogAssemblyErrors (0ms)
				InitializePlatformSupportModulesInManaged (5ms)
				SetLoadedEditorAssemblies (0ms)
				RefreshPlugins (56ms)
				BeforeProcessingInitializeOnLoad (10ms)
				ProcessInitializeOnLoadAttributes (92ms)
				ProcessInitializeOnLoadMethodAttributes (30ms)
				AfterProcessingInitializeOnLoad (0ms)
				EditorAssembliesLoaded (0ms)
			ExecutionOrderSort2 (0ms)
			AwakeInstancesAfterBackupRestoration (0ms)
Platform modules already initialized, skipping
Registering precompiled user dll's ...
Registered in 0.002550 seconds.
Begin MonoManager ReloadAssembly
Native extension for WindowsStandalone target not found
Native extension for WebGL target not found
Refreshing native plugins compatible for Editor in 55.20 ms, found 3 plugins.
Preloading 0 native plugins for Editor in 0.00 ms.
Mono: successfully reloaded assembly
- Completed reload, in  3.135 seconds
Domain Reload Profiling:
	ReloadAssembly (3136ms)
		BeginReloadAssembly (169ms)
			ExecutionOrderSort (0ms)
			DisableScriptedObjects (6ms)
			BackupInstance (0ms)
			ReleaseScriptingObjects (0ms)
			CreateAndSetChildDomain (21ms)
		EndReloadAssembly (2908ms)
			LoadAssemblies (1789ms)
			RebuildTransferFunctionScriptingTraits (0ms)
			SetupTypeCache (355ms)
			ReleaseScriptCaches (1ms)
			RebuildScriptCaches (60ms)
			SetupLoadedEditorAssemblies (580ms)
				LogAssemblyErrors (0ms)
				InitializePlatformSupportModulesInManaged (5ms)
				SetLoadedEditorAssemblies (0ms)
				RefreshPlugins (55ms)
				BeforeProcessingInitializeOnLoad (70ms)
				ProcessInitializeOnLoadAttributes (346ms)
				ProcessInitializeOnLoadMethodAttributes (100ms)
				AfterProcessingInitializeOnLoad (3ms)
				EditorAssembliesLoaded (0ms)
			ExecutionOrderSort2 (0ms)
			AwakeInstancesAfterBackupRestoration (7ms)
Platform modules already initialized, skipping
========================================================================
Worker process is ready to serve import requests
Launched and connected shader compiler UnityShaderCompiler.exe after 0.41 seconds
Refreshing native plugins compatible for Editor in 1.17 ms, found 3 plugins.
Preloading 0 native plugins for Editor in 0.00 ms.
Unloading 2347 Unused Serialized files (Serialized files now loaded: 0)
System memory in use before: 101.5 MB.
System memory in use after: 101.5 MB.

Unloading 32 unused Assets to reduce memory usage. Loaded Objects now: 2779.
Total: 4.752200 ms (FindLiveObjects: 0.253200 ms CreateObjectMapping: 0.149200 ms MarkObjects: 4.159600 ms  DeleteObjects: 0.189100 ms)

AssetImportParameters requested are different than current active one (requested -> active):
  custom:framework-win-MediaFoundation: 216162199b28c13a410421893ffa2e32 -> 
  custom:video-decoder-ogg-theora: a1e56fd34408186e4bbccfd4996cb3dc -> 
  custom:container-muxer-webm: aa71ff27fc2769a1b78a27578f13a17b -> 
  custom:container-demuxer-webm: 4f35f7cbe854078d1ac9338744f61a02 -> 
  custom:container-demuxer-ogg: 62fdf1f143b41e24485cea50d1cbac27 -> 
  custom:video-encoder-webm-vp8: eb34c28f22e8b96e1ab97ce403110664 -> 
  custom:video-decoder-webm-vp8: 9c59270c3fd7afecdb556c50c9e8de78 -> 
  custom:audio-decoder-ogg-vorbis: bf7c407c2cedff20999df2af8eb42d56 -> 
  custom:audio-encoder-webm-vorbis: bf7c407c2cedff20999df2af8eb42d56 -> 
========================================================================
Received Import Request.
  path: Assets/PlatformerSet1/AnimCharacter/jump-landing-03.png
  artifactKey: Guid(8201072009f86cc42baed2c4a83a955c) Importer(815301076,1909f56bfc062723c751e8b465ee728b)
Start importing Assets/PlatformerSet1/AnimCharacter/jump-landing-03.png using Guid(8201072009f86cc42baed2c4a83a955c) Importer(815301076,1909f56bfc062723c751e8b465ee728b)  -> (artifact id: '50035b2a37e49a5adc175ee69a8d2273') in 0.500058 seconds 
========================================================================
Received Import Request.
  Time since last request: 0.000354 seconds.
  path: Assets/PlatformerSet1/AnimCharacter/run-04.png
  artifactKey: Guid(5a2b1dd938d8ab64b84821848826d696) Importer(815301076,1909f56bfc062723c751e8b465ee728b)
Start importing Assets/PlatformerSet1/AnimCharacter/run-04.png using Guid(5a2b1dd938d8ab64b84821848826d696) Importer(815301076,1909f56bfc062723c751e8b465ee728b)  -> (artifact id: '2890465b9e1f566cc7242b6789dbb502') in 0.014516 seconds 
========================================================================
Received Import Request.
  Time since last request: 0.000332 seconds.
  path: Assets/PlatformerSet1/AnimCharacter/run-05.png
  artifactKey: Guid(9985254870ccc2e478d5340a762f0601) Importer(815301076,1909f56bfc062723c751e8b465ee728b)
Start importing Assets/PlatformerSet1/AnimCharacter/run-05.png using Guid(9985254870ccc2e478d5340a762f0601) Importer(815301076,1909f56bfc062723c751e8b465ee728b)  -> (artifact id: '989a6aad66a4003bbb174f673fb24cc0') in 0.013913 seconds 
========================================================================
Received Import Request.
  Time since last request: 0.000369 seconds.
  path: Assets/PlatformerSet1/03 background A.png
  artifactKey: Guid(eb06709a3d006f5448d017252797e8a4) Importer(815301076,1909f56bfc062723c751e8b465ee728b)
Start importing Assets/PlatformerSet1/03 background A.png using Guid(eb06709a3d006f5448d017252797e8a4) Importer(815301076,1909f56bfc062723c751e8b465ee728b)  -> (artifact id: 'ac448d869b129c5a1c35262430efefee') in 0.022158 seconds 
========================================================================
Received Import Request.
  Time since last request: 0.000328 seconds.
  path: Assets/PlatformerSet1/AnimCharacter/idle-06.png
  artifactKey: Guid(22656dcc5c808d844bb94f30be5c74d1) Importer(815301076,1909f56bfc062723c751e8b465ee728b)
Start importing Assets/PlatformerSet1/AnimCharacter/idle-06.png using Guid(22656dcc5c808d844bb94f30be5c74d1) Importer(815301076,1909f56bfc062723c751e8b465ee728b)  -> (artifact id: 'd1a9ee7e6198c00edb4042cd550f58a3') in 0.014216 seconds 
========================================================================
Received Import Request.
  Time since last request: 0.000314 seconds.
  path: Assets/PlatformerSet1/AnimCharacter/idle-03.png
  artifactKey: Guid(a8e288923c970694791ff016139f47c2) Importer(815301076,1909f56bfc062723c751e8b465ee728b)
Start importing Assets/PlatformerSet1/AnimCharacter/idle-03.png using Guid(a8e288923c970694791ff016139f47c2) Importer(815301076,1909f56bfc062723c751e8b465ee728b)  -> (artifact id: '0dc58126c12f6bc479d65ecfd6b6c547') in 0.020801 seconds 
========================================================================
Received Import Request.
  Time since last request: 0.000287 seconds.
  path: Assets/PlatformerSet1/Animated/torch-C-02.png
  artifactKey: Guid(40d53443c5f19e942b076aad9edb4bb6) Importer(815301076,1909f56bfc062723c751e8b465ee728b)
Start importing Assets/PlatformerSet1/Animated/torch-C-02.png using Guid(40d53443c5f19e942b076aad9edb4bb6) Importer(815301076,1909f56bfc062723c751e8b465ee728b)  -> (artifact id: 'd1d7c4de411286c336c03427e41ee53e') in 0.015102 seconds 
========================================================================
Received Import Request.
  Time since last request: 0.000321 seconds.
  path: Assets/PlatformerSet1/AnimCharacter/jump-landing-02.png
  artifactKey: Guid(597769dfa50f898449f4bf6e9dbe5bcb) Importer(815301076,1909f56bfc062723c751e8b465ee728b)
Start importing Assets/PlatformerSet1/AnimCharacter/jump-landing-02.png using Guid(597769dfa50f898449f4bf6e9dbe5bcb) Importer(815301076,1909f56bfc062723c751e8b465ee728b)  -> (artifact id: '5b159b7095f8b5e2f0dca26373d4c16f') in 0.012946 seconds 
========================================================================
Received Import Request.
  Time since last request: 0.000295 seconds.
  path: Assets/PlatformerSet1/AnimCharacter/attack-06.png
  artifactKey: Guid(d0a5804cfe067a24197f6625bb09f8ce) Importer(815301076,1909f56bfc062723c751e8b465ee728b)
Start importing Assets/PlatformerSet1/AnimCharacter/attack-06.png using Guid(d0a5804cfe067a24197f6625bb09f8ce) Importer(815301076,1909f56bfc062723c751e8b465ee728b)  -> (artifact id: '3326635c28324429c433170622c8b155') in 0.011708 seconds 
========================================================================
Received Import Request.
  Time since last request: 0.000288 seconds.
  path: Assets/PlatformerSet1/02 background.png
  artifactKey: Guid(0ff110103311344449b3b91008a97905) Importer(815301076,1909f56bfc062723c751e8b465ee728b)
Start importing Assets/PlatformerSet1/02 background.png using Guid(0ff110103311344449b3b91008a97905) Importer(815301076,1909f56bfc062723c751e8b465ee728b)  -> (artifact id: '9bb3cd50cf0ae55f4775b6934e43a0bf') in 0.021011 seconds 
========================================================================
Received Import Request.
  Time since last request: 0.000317 seconds.
  path: Assets/PlatformerSet1/AnimCharacter/idle-02.png
  artifactKey: Guid(14f9530e3bd452449b765ecb5bc585ee) Importer(815301076,1909f56bfc062723c751e8b465ee728b)
Start importing Assets/PlatformerSet1/AnimCharacter/idle-02.png using Guid(14f9530e3bd452449b765ecb5bc585ee) Importer(815301076,1909f56bfc062723c751e8b465ee728b)  -> (artifact id: 'efec52405892f6f08274da2bbeb06357') in 0.014408 seconds 
========================================================================
Received Import Request.
  Time since last request: 0.000386 seconds.
  path: Assets/PlatformerSet1/AnimCharacter/idle-05.png
  artifactKey: Guid(a99dee446f3dc7145b6e245387da76b8) Importer(815301076,1909f56bfc062723c751e8b465ee728b)
Start importing Assets/PlatformerSet1/AnimCharacter/idle-05.png using Guid(a99dee446f3dc7145b6e245387da76b8) Importer(815301076,1909f56bfc062723c751e8b465ee728b)  -> (artifact id: 'ea116cab67bb05d9f38a479a00d09e52') in 0.012352 seconds 
========================================================================
Received Import Request.
  Time since last request: 0.000458 seconds.
  path: Assets/PlatformerSet1/AnimCharacter/run-01.png
  artifactKey: Guid(5f5bf2fc3eb067c459a4f3c7d19e0cf5) Importer(815301076,1909f56bfc062723c751e8b465ee728b)
Start importing Assets/PlatformerSet1/AnimCharacter/run-01.png using Guid(5f5bf2fc3eb067c459a4f3c7d19e0cf5) Importer(815301076,1909f56bfc062723c751e8b465ee728b)  -> (artifact id: '04719fa3f2c24d9c239bbfa7a20c7912') in 0.014537 seconds 
========================================================================
Received Import Request.
  Time since last request: 0.000357 seconds.
  path: Assets/PlatformerSet1/AnimCharacter/dead-03.png
  artifactKey: Guid(cdae9ef9b3caf764ab86598d631be863) Importer(815301076,1909f56bfc062723c751e8b465ee728b)
Start importing Assets/PlatformerSet1/AnimCharacter/dead-03.png using Guid(cdae9ef9b3caf764ab86598d631be863) Importer(815301076,1909f56bfc062723c751e8b465ee728b)  -> (artifact id: 'a5105946ab25607c1f6199d629230803') in 0.012023 seconds 
========================================================================
Received Import Request.
  Time since last request: 0.000271 seconds.
  path: Assets/PlatformerSet1/AnimCharacter/jump-01.png
  artifactKey: Guid(71a20340449671f48b902334bc6b5993) Importer(815301076,1909f56bfc062723c751e8b465ee728b)
Start importing Assets/PlatformerSet1/AnimCharacter/jump-01.png using Guid(71a20340449671f48b902334bc6b5993) Importer(815301076,1909f56bfc062723c751e8b465ee728b)  -> (artifact id: '5ca270cc42694880eaab678b32960b08') in 0.020376 seconds 
========================================================================
Received Import Request.
  Time since last request: 0.000333 seconds.
  path: Assets/PlatformerSet1/Animated/torch-C-01.png
  artifactKey: Guid(80639418a069e3147bff7c5c3e2618cc) Importer(815301076,1909f56bfc062723c751e8b465ee728b)
Start importing Assets/PlatformerSet1/Animated/torch-C-01.png using Guid(80639418a069e3147bff7c5c3e2618cc) Importer(815301076,1909f56bfc062723c751e8b465ee728b)  -> (artifact id: '6ef69d7bccd11843c805ff6d95d18a66') in 0.015385 seconds 
========================================================================
Received Import Request.
  Time since last request: 0.000295 seconds.
  path: Assets/PlatformerSet1/Animated/torch-B-04.png
  artifactKey: Guid(914130d475273ef498c193d17bc4ab47) Importer(815301076,1909f56bfc062723c751e8b465ee728b)
Start importing Assets/PlatformerSet1/Animated/torch-B-04.png using Guid(914130d475273ef498c193d17bc4ab47) Importer(815301076,1909f56bfc062723c751e8b465ee728b)  -> (artifact id: '750ae8ecd10fca58ace92f4a355d90d1') in 0.012550 seconds 
========================================================================
Received Import Request.
  Time since last request: 0.000412 seconds.
  path: Assets/PlatformerSet1/AnimCharacter/attack-05.png
  artifactKey: Guid(795b97dd4efe7c748885440b5a8daa8a) Importer(815301076,1909f56bfc062723c751e8b465ee728b)
Start importing Assets/PlatformerSet1/AnimCharacter/attack-05.png using Guid(795b97dd4efe7c748885440b5a8daa8a) Importer(815301076,1909f56bfc062723c751e8b465ee728b)  -> (artifact id: 'a8ec1d6672a15ad4017533e9f09fa300') in 0.011525 seconds 
========================================================================
Received Import Request.
  Time since last request: 0.000463 seconds.
  path: Assets/PlatformerSet1/AnimCharacter/run-06.png
  artifactKey: Guid(e07e6ac5c1a771047992af284fffad1a) Importer(815301076,1909f56bfc062723c751e8b465ee728b)
Start importing Assets/PlatformerSet1/AnimCharacter/run-06.png using Guid(e07e6ac5c1a771047992af284fffad1a) Importer(815301076,1909f56bfc062723c751e8b465ee728b)  -> (artifact id: '612dc94df4591b88fbd24bbaf59988bf') in 0.015236 seconds 
========================================================================
Received Import Request.
  Time since last request: 0.000470 seconds.
  path: Assets/PlatformerSet1/AnimCharacter/jump-02.png
  artifactKey: Guid(64940212aca10e546ae036b96cc8933a) Importer(815301076,1909f56bfc062723c751e8b465ee728b)
Start importing Assets/PlatformerSet1/AnimCharacter/jump-02.png using Guid(64940212aca10e546ae036b96cc8933a) Importer(815301076,1909f56bfc062723c751e8b465ee728b)  -> (artifact id: '24f5b237c0a42472ff7e09b899cb81a3') in 0.017277 seconds 
========================================================================
Received Import Request.
  Time since last request: 0.000356 seconds.
  path: Assets/PlatformerSet1/AnimCharacter/dead-04.png
  artifactKey: Guid(6084c3266f6e1334b9064a3492638c09) Importer(815301076,1909f56bfc062723c751e8b465ee728b)
Start importing Assets/PlatformerSet1/AnimCharacter/dead-04.png using Guid(6084c3266f6e1334b9064a3492638c09) Importer(815301076,1909f56bfc062723c751e8b465ee728b)  -> (artifact id: 'e30d1da2838d0ad2874b682f6971ca2b') in 0.013956 seconds 
========================================================================
Received Import Request.
  Time since last request: 0.000322 seconds.
  path: Assets/PlatformerSet1/05 background.png
  artifactKey: Guid(7856ff2c37949ad4d9e77bec3b91e755) Importer(815301076,1909f56bfc062723c751e8b465ee728b)
Start importing Assets/PlatformerSet1/05 background.png using Guid(7856ff2c37949ad4d9e77bec3b91e755) Importer(815301076,1909f56bfc062723c751e8b465ee728b)  -> (artifact id: '41d46f534ca31225feb38ecc798a5a14') in 0.014885 seconds 
========================================================================
Received Import Request.
  Time since last request: 0.000269 seconds.
  path: Assets/PlatformerSet1/Scene/Demo.unity
  artifactKey: Guid(5afe6894a41ae674bb9f35073d2f3175) Importer(815301076,1909f56bfc062723c751e8b465ee728b)
Start importing Assets/PlatformerSet1/Scene/Demo.unity using Guid(5afe6894a41ae674bb9f35073d2f3175) Importer(815301076,1909f56bfc062723c751e8b465ee728b)  -> (artifact id: 'f83456c08ae076b30851284ba492763e') in 0.005824 seconds 
========================================================================
Received Import Request.
  Time since last request: 0.000262 seconds.
  path: Assets/PlatformerSet1/Animated/torch-B-02.png
  artifactKey: Guid(d91bf9a5da957184c8591eb7bf16f05a) Importer(815301076,1909f56bfc062723c751e8b465ee728b)
Start importing Assets/PlatformerSet1/Animated/torch-B-02.png using Guid(d91bf9a5da957184c8591eb7bf16f05a) Importer(815301076,1909f56bfc062723c751e8b465ee728b)  -> (artifact id: '20d736e89636db1d25b4b3f12aca2b15') in 0.016736 seconds 
========================================================================
Received Import Request.
  Time since last request: 0.000328 seconds.
  path: Assets/PlatformerSet1/AnimCharacter/dead-01.png
  artifactKey: Guid(5b43cb96099e8894b98f6aef9ec87f33) Importer(815301076,1909f56bfc062723c751e8b465ee728b)
Start importing Assets/PlatformerSet1/AnimCharacter/dead-01.png using Guid(5b43cb96099e8894b98f6aef9ec87f33) Importer(815301076,1909f56bfc062723c751e8b465ee728b)  -> (artifact id: '84f210daebf9ea74565156324ca67285') in 0.015022 seconds 
========================================================================
Received Import Request.
  Time since last request: 0.000272 seconds.
  path: Assets/PlatformerSet1/AnimCharacter/idle-04.png
  artifactKey: Guid(16e0b4075bac60944a93243d59b4a5e1) Importer(815301076,1909f56bfc062723c751e8b465ee728b)
Start importing Assets/PlatformerSet1/AnimCharacter/idle-04.png using Guid(16e0b4075bac60944a93243d59b4a5e1) Importer(815301076,1909f56bfc062723c751e8b465ee728b)  -> (artifact id: '832eedd9cd8b932504d6504094f8ffbc') in 0.013769 seconds 
========================================================================
Received Import Request.
  Time since last request: 0.000302 seconds.
  path: Assets/PlatformerSet1/Animated/torch-C-04.png
  artifactKey: Guid(aa29ff8d97b59d04080af7cbb125622e) Importer(815301076,1909f56bfc062723c751e8b465ee728b)
Start importing Assets/PlatformerSet1/Animated/torch-C-04.png using Guid(aa29ff8d97b59d04080af7cbb125622e) Importer(815301076,1909f56bfc062723c751e8b465ee728b)  -> (artifact id: '638faa587797044c0990b5ad5aacb6b1') in 0.012154 seconds 
========================================================================
Received Import Request.
  Time since last request: 0.000270 seconds.
  path: Assets/PlatformerSet1/AnimCharacter/dead-02.png
  artifactKey: Guid(3eecfb6be120d34478af5d676f903670) Importer(815301076,1909f56bfc062723c751e8b465ee728b)
Start importing Assets/PlatformerSet1/AnimCharacter/dead-02.png using Guid(3eecfb6be120d34478af5d676f903670) Importer(815301076,1909f56bfc062723c751e8b465ee728b)  -> (artifact id: '3431b10357d7d8dc8b256817342f77b2') in 0.013629 seconds 
========================================================================
Received Import Request.
  Time since last request: 0.000229 seconds.
  path: Assets/PlatformerSet1/Animated/torch-C-03.png
  artifactKey: Guid(0e90fd29aeb54c24dabf651ddfade11c) Importer(815301076,1909f56bfc062723c751e8b465ee728b)
Start importing Assets/PlatformerSet1/Animated/torch-C-03.png using Guid(0e90fd29aeb54c24dabf651ddfade11c) Importer(815301076,1909f56bfc062723c751e8b465ee728b)  -> (artifact id: '7d96d31b9b427eb207ca057d3e23693d') in 0.014688 seconds 
========================================================================
Received Import Request.
  Time since last request: 0.000273 seconds.
  path: Assets/PlatformerSet1/AnimCharacter/idle-01.png
  artifactKey: Guid(a70b3fff8c0d54e41b799a19a9a33a3f) Importer(815301076,1909f56bfc062723c751e8b465ee728b)
Start importing Assets/PlatformerSet1/AnimCharacter/idle-01.png using Guid(a70b3fff8c0d54e41b799a19a9a33a3f) Importer(815301076,1909f56bfc062723c751e8b465ee728b)  -> (artifact id: '11e5d788b4b813805e5b6ddc52e7adb3') in 0.017919 seconds 
========================================================================
Received Import Request.
  Time since last request: 0.000280 seconds.
  path: Assets/PlatformerSet1/AnimCharacter/attack-02.png
  artifactKey: Guid(9a20c343a03a6e54a9a3c14e4ed48626) Importer(815301076,1909f56bfc062723c751e8b465ee728b)
Start importing Assets/PlatformerSet1/AnimCharacter/attack-02.png using Guid(9a20c343a03a6e54a9a3c14e4ed48626) Importer(815301076,1909f56bfc062723c751e8b465ee728b)  -> (artifact id: '7e4c5f5708132bfd74853cb6f9a2354a') in 0.013931 seconds 
========================================================================
Received Import Request.
  Time since last request: 0.000280 seconds.
  path: Assets/PlatformerSet1/AnimCharacter/jump-landing-01.png
  artifactKey: Guid(0984a7b4063a8a34d861af8c0fa3e018) Importer(815301076,1909f56bfc062723c751e8b465ee728b)
Start importing Assets/PlatformerSet1/AnimCharacter/jump-landing-01.png using Guid(0984a7b4063a8a34d861af8c0fa3e018) Importer(815301076,1909f56bfc062723c751e8b465ee728b)  -> (artifact id: '73a97c57a8a1d696c9d86e05ce0aae68') in 0.012465 seconds 
========================================================================
Received Import Request.
  Time since last request: 0.000309 seconds.
  path: Assets/PlatformerSet1/AnimCharacter/attack-07-continue.png
  artifactKey: Guid(b06a0c5187b449349b9e035257636f17) Importer(815301076,1909f56bfc062723c751e8b465ee728b)
Start importing Assets/PlatformerSet1/AnimCharacter/attack-07-continue.png using Guid(b06a0c5187b449349b9e035257636f17) Importer(815301076,1909f56bfc062723c751e8b465ee728b)  -> (artifact id: '482b66ad903ff9447128d94faf009149') in 0.013964 seconds 
========================================================================
Received Import Request.
  Time since last request: 0.000280 seconds.
  path: Assets/PlatformerSet1/04 background.png
  artifactKey: Guid(048637bba7f02c8499a2dfc07ecc075f) Importer(815301076,1909f56bfc062723c751e8b465ee728b)
Start importing Assets/PlatformerSet1/04 background.png using Guid(048637bba7f02c8499a2dfc07ecc075f) Importer(815301076,1909f56bfc062723c751e8b465ee728b)  -> (artifact id: '89100f3fdd71fa32466b00dc52ae367d') in 0.045997 seconds 
========================================================================
Received Import Request.
  Time since last request: 0.000376 seconds.
  path: Assets/PlatformerSet1/AnimCharacter/run-07.png
  artifactKey: Guid(240b3cc68b220a34eae06c686706d78b) Importer(815301076,1909f56bfc062723c751e8b465ee728b)
Start importing Assets/PlatformerSet1/AnimCharacter/run-07.png using Guid(240b3cc68b220a34eae06c686706d78b) Importer(815301076,1909f56bfc062723c751e8b465ee728b)  -> (artifact id: '807364f7ee0f61c61caf7788137e8ff5') in 0.012989 seconds 
========================================================================
Received Import Request.
  Time since last request: 0.000278 seconds.
  path: Assets/PlatformerSet1/Animated/torch-B-03.png
  artifactKey: Guid(a8ca647143faf9f44a2abdab30c3968e) Importer(815301076,1909f56bfc062723c751e8b465ee728b)
Start importing Assets/PlatformerSet1/Animated/torch-B-03.png using Guid(a8ca647143faf9f44a2abdab30c3968e) Importer(815301076,1909f56bfc062723c751e8b465ee728b)  -> (artifact id: 'c0c00888a8ef766d9a49dc2fb5d30799') in 0.013988 seconds 
========================================================================
Received Import Request.
  Time since last request: 0.000293 seconds.
  path: Assets/PlatformerSet1/other_and_decorative.png
  artifactKey: Guid(fc125cd2b902af1428138adb4c7f6ec4) Importer(815301076,1909f56bfc062723c751e8b465ee728b)
Start importing Assets/PlatformerSet1/other_and_decorative.png using Guid(fc125cd2b902af1428138adb4c7f6ec4) Importer(815301076,1909f56bfc062723c751e8b465ee728b)  -> (artifact id: 'd1c47ce125f17bdaafc3c268ec7d60fc') in 0.024395 seconds 
========================================================================
Received Import Request.
  Time since last request: 0.000272 seconds.
  path: Assets/PlatformerSet1/AnimCharacter/attack-01.png
  artifactKey: Guid(d158b158ee8df3a44b010b2fb940c02d) Importer(815301076,1909f56bfc062723c751e8b465ee728b)
Start importing Assets/PlatformerSet1/AnimCharacter/attack-01.png using Guid(d158b158ee8df3a44b010b2fb940c02d) Importer(815301076,1909f56bfc062723c751e8b465ee728b)  -> (artifact id: 'bb566a620e3d0699bccc115550222246') in 0.014021 seconds 
========================================================================
Received Import Request.
  Time since last request: 0.000291 seconds.
  path: Assets/PlatformerSet1/main_lev_build.png
  artifactKey: Guid(6d28f55f1b0572546b2632db94416d69) Importer(815301076,1909f56bfc062723c751e8b465ee728b)
Start importing Assets/PlatformerSet1/main_lev_build.png using Guid(6d28f55f1b0572546b2632db94416d69) Importer(815301076,1909f56bfc062723c751e8b465ee728b)  -> (artifact id: '9a60a4d0b47dc770246c76da02eed187') in 0.028561 seconds 
========================================================================
Received Import Request.
  Time since last request: 0.000301 seconds.
  path: Assets/PlatformerSet1/AnimCharacter/run-02.png
  artifactKey: Guid(0dca422c80ddc654d9f70049c90bf4a0) Importer(815301076,1909f56bfc062723c751e8b465ee728b)
Start importing Assets/PlatformerSet1/AnimCharacter/run-02.png using Guid(0dca422c80ddc654d9f70049c90bf4a0) Importer(815301076,1909f56bfc062723c751e8b465ee728b)  -> (artifact id: '5bcb08cb2de56171e88fbbcbf8d98447') in 0.011971 seconds 
========================================================================
Received Import Request.
  Time since last request: 0.000360 seconds.
  path: Assets/PlatformerSet1/AnimCharacter/attack-03.png
  artifactKey: Guid(0eb6b104a0a66294dadc3d37f183f3f3) Importer(815301076,1909f56bfc062723c751e8b465ee728b)
Start importing Assets/PlatformerSet1/AnimCharacter/attack-03.png using Guid(0eb6b104a0a66294dadc3d37f183f3f3) Importer(815301076,1909f56bfc062723c751e8b465ee728b)  -> (artifact id: '1702820fd78ab66aa136eb02945536e5') in 0.018954 seconds 
========================================================================
Received Import Request.
  Time since last request: 0.000247 seconds.
  path: Assets/PlatformerSet1/03 background B.png
  artifactKey: Guid(671c2728bfbe13e4a908a31d4b0a22fc) Importer(815301076,1909f56bfc062723c751e8b465ee728b)
Start importing Assets/PlatformerSet1/03 background B.png using Guid(671c2728bfbe13e4a908a31d4b0a22fc) Importer(815301076,1909f56bfc062723c751e8b465ee728b)  -> (artifact id: 'e32b85adcc790e91ae876cd41d245617') in 0.016188 seconds 
========================================================================
Received Import Request.
  Time since last request: 0.000241 seconds.
  path: Assets/PlatformerSet1/AnimCharacter/attack-04.png
  artifactKey: Guid(fa0cb05d87d658147a2fdc6f50f5bf4e) Importer(815301076,1909f56bfc062723c751e8b465ee728b)
Start importing Assets/PlatformerSet1/AnimCharacter/attack-04.png using Guid(fa0cb05d87d658147a2fdc6f50f5bf4e) Importer(815301076,1909f56bfc062723c751e8b465ee728b)  -> (artifact id: '43fefe7401b59f3f06994b5faed200cf') in 0.011855 seconds 
========================================================================
Received Import Request.
  Time since last request: 0.000303 seconds.
  path: Assets/PlatformerSet1/AnimCharacter/run-03.png
  artifactKey: Guid(cfd99eef5629f5e4cbe78bd3376714fd) Importer(815301076,1909f56bfc062723c751e8b465ee728b)
Start importing Assets/PlatformerSet1/AnimCharacter/run-03.png using Guid(cfd99eef5629f5e4cbe78bd3376714fd) Importer(815301076,1909f56bfc062723c751e8b465ee728b)  -> (artifact id: '302a7d5c79bfc5470e93f7bc41fbc4ea') in 0.012677 seconds 
========================================================================
Received Import Request.
  Time since last request: 0.000240 seconds.
  path: Assets/PlatformerSet1/AnimCharacter/attack-08-continue.png
  artifactKey: Guid(5a90aedfd7cdeec4898996cc04258783) Importer(815301076,1909f56bfc062723c751e8b465ee728b)
Start importing Assets/PlatformerSet1/AnimCharacter/attack-08-continue.png using Guid(5a90aedfd7cdeec4898996cc04258783) Importer(815301076,1909f56bfc062723c751e8b465ee728b)  -> (artifact id: '5fea22e7c625ecf7834c20b149144f04') in 0.020262 seconds 
========================================================================
Received Import Request.
  Time since last request: 2.251674 seconds.
  path: Assets/PlatformerSet1/01 background.png
  artifactKey: Guid(543fff9c6bee69649a543666c301ca86) Importer(815301076,1909f56bfc062723c751e8b465ee728b)
Start importing Assets/PlatformerSet1/01 background.png using Guid(543fff9c6bee69649a543666c301ca86) Importer(815301076,1909f56bfc062723c751e8b465ee728b)  -> (artifact id: 'e82b3baa7cb1532537a15a8ef17ec861') in 0.018632 seconds 
========================================================================
Received Import Request.
  Time since last request: 19.665325 seconds.
  path: Assets/PlatformerSet1/g1.prefab
  artifactKey: Guid(664e08eec8bbac1439b30deaafd0ad7b) Importer(815301076,1909f56bfc062723c751e8b465ee728b)
Start importing Assets/PlatformerSet1/g1.prefab using Guid(664e08eec8bbac1439b30deaafd0ad7b) Importer(815301076,1909f56bfc062723c751e8b465ee728b)  -> (artifact id: '4f39ebe1fd72464c6681c9781bca152c') in 0.069687 seconds 
========================================================================
Received Import Request.
  Time since last request: 3.998971 seconds.
  path: Assets/PlatformerSet1/01 background.asset
  artifactKey: Guid(9a3571dd7476e19459e10bcade44c656) Importer(815301076,1909f56bfc062723c751e8b465ee728b)
Start importing Assets/PlatformerSet1/01 background.asset using Guid(9a3571dd7476e19459e10bcade44c656) Importer(815301076,1909f56bfc062723c751e8b465ee728b)  -> (artifact id: '1d3a56a735373b2f7658e563068ef1ef') in 0.037976 seconds 
========================================================================
Received Import Request.
  Time since last request: 0.000621 seconds.
  path: Assets/PlatformerSet1/g1.prefab
  artifactKey: Guid(664e08eec8bbac1439b30deaafd0ad7b) Importer(815301076,1909f56bfc062723c751e8b465ee728b)
Start importing Assets/PlatformerSet1/g1.prefab using Guid(664e08eec8bbac1439b30deaafd0ad7b) Importer(815301076,1909f56bfc062723c751e8b465ee728b)  -> (artifact id: 'fe9078b8460f7b05af0866131fb77785') in 0.020991 seconds 
========================================================================
Received Import Request.
  Time since last request: 13.653074 seconds.
  path: Assets/Scenes/SampleScene.unity
  artifactKey: Guid(2cda990e2423bbf4892e6590ba056729) Importer(815301076,1909f56bfc062723c751e8b465ee728b)
Start importing Assets/Scenes/SampleScene.unity using Guid(2cda990e2423bbf4892e6590ba056729) Importer(815301076,1909f56bfc062723c751e8b465ee728b)  -> (artifact id: 'c6f60a11b5efef17811680384521c354') in 0.008903 seconds 
========================================================================
Received Import Request.
  Time since last request: 16.431751 seconds.
  path: Assets/PlatformerSet1/Animated/diamond-01.png
  artifactKey: Guid(9d732a7b9fd6d9c4dbe734145134f44d) Importer(815301076,1909f56bfc062723c751e8b465ee728b)
Start importing Assets/PlatformerSet1/Animated/diamond-01.png using Guid(9d732a7b9fd6d9c4dbe734145134f44d) Importer(815301076,1909f56bfc062723c751e8b465ee728b)  -> (artifact id: 'cfc374614da93ec097b844087c60549e') in 0.015833 seconds 
========================================================================
Received Import Request.
  Time since last request: 0.000335 seconds.
  path: Assets/PlatformerSet1/Animated/light-03.png
  artifactKey: Guid(941acab82118b78418d529bd0869e115) Importer(815301076,1909f56bfc062723c751e8b465ee728b)
Start importing Assets/PlatformerSet1/Animated/light-03.png using Guid(941acab82118b78418d529bd0869e115) Importer(815301076,1909f56bfc062723c751e8b465ee728b)  -> (artifact id: '1d736777094a031165330a404fc3d49c') in 0.019040 seconds 
========================================================================
Received Import Request.
  Time since last request: 0.000389 seconds.
  path: Assets/PlatformerSet1/Animated/torch-A-01.png
  artifactKey: Guid(f74433124a3b60644a39600ba5126d5c) Importer(815301076,1909f56bfc062723c751e8b465ee728b)
Start importing Assets/PlatformerSet1/Animated/torch-A-01.png using Guid(f74433124a3b60644a39600ba5126d5c) Importer(815301076,1909f56bfc062723c751e8b465ee728b)  -> (artifact id: '559ecc19159dfc3a0c1b738698c12801') in 0.020060 seconds 
========================================================================
Received Import Request.
  Time since last request: 0.000380 seconds.
  path: Assets/PlatformerSet1/Animated/diamond-05.png
  artifactKey: Guid(510e73beea7f5db419cdca3db08d8593) Importer(815301076,1909f56bfc062723c751e8b465ee728b)
Start importing Assets/PlatformerSet1/Animated/diamond-05.png using Guid(510e73beea7f5db419cdca3db08d8593) Importer(815301076,1909f56bfc062723c751e8b465ee728b)  -> (artifact id: '1a613dbb8bd6a87f44ce279c3dbdb2a8') in 0.020676 seconds 
========================================================================
Received Import Request.
  Time since last request: 0.000371 seconds.
  path: Assets/PlatformerSet1/Animated/light-04.png
  artifactKey: Guid(dbd558ef2c2290a478cdc40badcb4430) Importer(815301076,1909f56bfc062723c751e8b465ee728b)
Start importing Assets/PlatformerSet1/Animated/light-04.png using Guid(dbd558ef2c2290a478cdc40badcb4430) Importer(815301076,1909f56bfc062723c751e8b465ee728b)  -> (artifact id: 'a8596baaa1d1dd76a47e1e44ba997dac') in 0.021874 seconds 
========================================================================
Received Import Request.
  Time since last request: 0.000426 seconds.
  path: Assets/PlatformerSet1/Animated/diamond-03.png
  artifactKey: Guid(2105a7dfce2b6244098a6dddc301576b) Importer(815301076,1909f56bfc062723c751e8b465ee728b)
Start importing Assets/PlatformerSet1/Animated/diamond-03.png using Guid(2105a7dfce2b6244098a6dddc301576b) Importer(815301076,1909f56bfc062723c751e8b465ee728b)  -> (artifact id: '7e2f33947175bc5c4ff379fcec189d01') in 0.018837 seconds 
========================================================================
Received Import Request.
  Time since last request: 0.000291 seconds.
  path: Assets/PlatformerSet1/Animated/diamond-04.png
  artifactKey: Guid(61b95d20fa9102b48a8413e4368978e0) Importer(815301076,1909f56bfc062723c751e8b465ee728b)
Start importing Assets/PlatformerSet1/Animated/diamond-04.png using Guid(61b95d20fa9102b48a8413e4368978e0) Importer(815301076,1909f56bfc062723c751e8b465ee728b)  -> (artifact id: 'bec206d16c14aea26286ddde26374b87') in 0.019554 seconds 
========================================================================
Received Import Request.
  Time since last request: 0.000572 seconds.
  path: Assets/PlatformerSet1/Animated/light-01.png
  artifactKey: Guid(ac7afdfbc618d124f826084a1e54b5ad) Importer(815301076,1909f56bfc062723c751e8b465ee728b)
Start importing Assets/PlatformerSet1/Animated/light-01.png using Guid(ac7afdfbc618d124f826084a1e54b5ad) Importer(815301076,1909f56bfc062723c751e8b465ee728b)  -> (artifact id: '11720e6c9a3f4fd16aadaaa429416f0d') in 0.017413 seconds 
========================================================================
Received Import Request.
  Time since last request: 0.000406 seconds.
  path: Assets/PlatformerSet1/Animated/light-02.png
  artifactKey: Guid(7d7b67b4e59bbc74d81d62962e118570) Importer(815301076,1909f56bfc062723c751e8b465ee728b)
Start importing Assets/PlatformerSet1/Animated/light-02.png using Guid(7d7b67b4e59bbc74d81d62962e118570) Importer(815301076,1909f56bfc062723c751e8b465ee728b)  -> (artifact id: '54dc7125b2b7cb30102a0cb46aa02d84') in 0.019152 seconds 
========================================================================
Received Import Request.
  Time since last request: 0.000437 seconds.
  path: Assets/PlatformerSet1/Animated/diamond-02.png
  artifactKey: Guid(d8019449f3d9bd74ab9c2d1b4ee259d5) Importer(815301076,1909f56bfc062723c751e8b465ee728b)
Start importing Assets/PlatformerSet1/Animated/diamond-02.png using Guid(d8019449f3d9bd74ab9c2d1b4ee259d5) Importer(815301076,1909f56bfc062723c751e8b465ee728b)  -> (artifact id: '3c291ff7e51a67c47b9ce261af833848') in 0.021071 seconds 
========================================================================
Received Import Request.
  Time since last request: 124.913744 seconds.
  path: Assets/PlatformerSet1/g1.prefab
  artifactKey: Guid(664e08eec8bbac1439b30deaafd0ad7b) Importer(815301076,1909f56bfc062723c751e8b465ee728b)
Start importing Assets/PlatformerSet1/g1.prefab using Guid(664e08eec8bbac1439b30deaafd0ad7b) Importer(815301076,1909f56bfc062723c751e8b465ee728b)  -> (artifact id: 'e881168dbf4f57f2f77f92f537f9d08a') in 0.015322 seconds 
========================================================================
Received Prepare
Registering precompiled user dll's ...
Registered in 0.002544 seconds.
Begin MonoManager ReloadAssembly
Native extension for WindowsStandalone target not found
Native extension for WebGL target not found
Refreshing native plugins compatible for Editor in 0.83 ms, found 3 plugins.
Preloading 0 native plugins for Editor in 0.00 ms.
Mono: successfully reloaded assembly
- Completed reload, in  1.397 seconds
Domain Reload Profiling:
	ReloadAssembly (1397ms)
		BeginReloadAssembly (162ms)
			ExecutionOrderSort (0ms)
			DisableScriptedObjects (7ms)
			BackupInstance (0ms)
			ReleaseScriptingObjects (0ms)
			CreateAndSetChildDomain (50ms)
		EndReloadAssembly (1135ms)
			LoadAssemblies (173ms)
			RebuildTransferFunctionScriptingTraits (0ms)
			SetupTypeCache (397ms)
			ReleaseScriptCaches (1ms)
			RebuildScriptCaches (55ms)
			SetupLoadedEditorAssemblies (423ms)
				LogAssemblyErrors (0ms)
				InitializePlatformSupportModulesInManaged (6ms)
				SetLoadedEditorAssemblies (1ms)
				RefreshPlugins (1ms)
				BeforeProcessingInitializeOnLoad (102ms)
				ProcessInitializeOnLoadAttributes (299ms)
				ProcessInitializeOnLoadMethodAttributes (12ms)
				AfterProcessingInitializeOnLoad (3ms)
				EditorAssembliesLoaded (0ms)
			ExecutionOrderSort2 (0ms)
			AwakeInstancesAfterBackupRestoration (10ms)
Platform modules already initialized, skipping
Refreshing native plugins compatible for Editor in 0.55 ms, found 3 plugins.
Preloading 0 native plugins for Editor in 0.00 ms.
Unloading 2340 Unused Serialized files (Serialized files now loaded: 0)
System memory in use before: 104.5 MB.
System memory in use after: 104.5 MB.

Unloading 21 unused Assets to reduce memory usage. Loaded Objects now: 2804.
Total: 3.752000 ms (FindLiveObjects: 0.201300 ms CreateObjectMapping: 0.099200 ms MarkObjects: 3.278400 ms  DeleteObjects: 0.172300 ms)

AssetImportParameters requested are different than current active one (requested -> active):
  custom:framework-win-MediaFoundation: 216162199b28c13a410421893ffa2e32 -> 
  custom:video-decoder-ogg-theora: a1e56fd34408186e4bbccfd4996cb3dc -> 
  custom:container-muxer-webm: aa71ff27fc2769a1b78a27578f13a17b -> 
  custom:container-demuxer-webm: 4f35f7cbe854078d1ac9338744f61a02 -> 
  custom:container-demuxer-ogg: 62fdf1f143b41e24485cea50d1cbac27 -> 
  custom:video-encoder-webm-vp8: eb34c28f22e8b96e1ab97ce403110664 -> 
  custom:video-decoder-webm-vp8: 9c59270c3fd7afecdb556c50c9e8de78 -> 
  custom:audio-decoder-ogg-vorbis: bf7c407c2cedff20999df2af8eb42d56 -> 
  custom:audio-encoder-webm-vorbis: bf7c407c2cedff20999df2af8eb42d56 -> 
========================================================================
Received Import Request.
  Time since last request: 6.609833 seconds.
  path: Assets/PlatformerSet1/g1.prefab
  artifactKey: Guid(664e08eec8bbac1439b30deaafd0ad7b) Importer(815301076,1909f56bfc062723c751e8b465ee728b)
Start importing Assets/PlatformerSet1/g1.prefab using Guid(664e08eec8bbac1439b30deaafd0ad7b) Importer(815301076,1909f56bfc062723c751e8b465ee728b)  -> (artifact id: 'ad5606f34e722d2c2fd35e435ad98b88') in 0.070981 seconds 
========================================================================
Received Import Request.
  Time since last request: 0.000315 seconds.
  path: Assets/PlatformerSet1/main_lev_build.asset
  artifactKey: Guid(ed307d0e3e2735a4ab7d322a53590ca4) Importer(815301076,1909f56bfc062723c751e8b465ee728b)
Start importing Assets/PlatformerSet1/main_lev_build.asset using Guid(ed307d0e3e2735a4ab7d322a53590ca4) Importer(815301076,1909f56bfc062723c751e8b465ee728b)  -> (artifact id: '4a0cf06c55c68c19d5c01fadb71b71be') in 0.080580 seconds 
========================================================================
Received Import Request.
  Time since last request: 12.002624 seconds.
  path: Assets/PlatformerSet1/04 background.asset
  artifactKey: Guid(c672834b8ced3bd40b57997f1ddedd07) Importer(815301076,1909f56bfc062723c751e8b465ee728b)
Start importing Assets/PlatformerSet1/04 background.asset using Guid(c672834b8ced3bd40b57997f1ddedd07) Importer(815301076,1909f56bfc062723c751e8b465ee728b)  -> (artifact id: '4a329494f3814289a24cec540108f6a6') in 0.016741 seconds 
========================================================================
Received Import Request.
  Time since last request: 0.000503 seconds.
  path: Assets/PlatformerSet1/g1.prefab
  artifactKey: Guid(664e08eec8bbac1439b30deaafd0ad7b) Importer(815301076,1909f56bfc062723c751e8b465ee728b)
Start importing Assets/PlatformerSet1/g1.prefab using Guid(664e08eec8bbac1439b30deaafd0ad7b) Importer(815301076,1909f56bfc062723c751e8b465ee728b)  -> (artifact id: 'e58ba78969d2c01108ac9b9fe99bfaa5') in 0.024885 seconds 
========================================================================
Received Import Request.
  Time since last request: 12.956006 seconds.
  path: Assets/PlatformerSet1/03 background B.asset
  artifactKey: Guid(d1bd803376afa8d47a4f4e72100f1227) Importer(815301076,1909f56bfc062723c751e8b465ee728b)
Start importing Assets/PlatformerSet1/03 background B.asset using Guid(d1bd803376afa8d47a4f4e72100f1227) Importer(815301076,1909f56bfc062723c751e8b465ee728b)  -> (artifact id: 'f74c8c9976c095c35c7b94403fda0f47') in 0.022622 seconds 
========================================================================
Received Import Request.
  Time since last request: 0.000510 seconds.
  path: Assets/PlatformerSet1/g1.prefab
  artifactKey: Guid(664e08eec8bbac1439b30deaafd0ad7b) Importer(815301076,1909f56bfc062723c751e8b465ee728b)
Start importing Assets/PlatformerSet1/g1.prefab using Guid(664e08eec8bbac1439b30deaafd0ad7b) Importer(815301076,1909f56bfc062723c751e8b465ee728b)  -> (artifact id: '8c199df5e052777409ee6f585b86cdd4') in 0.035429 seconds 
========================================================================
Received Import Request.
  Time since last request: 232.017608 seconds.
  path: Assets/PlatformerSet1/Animated/torch-A-02.png
  artifactKey: Guid(09b31d490701d0b48acc760497b071fc) Importer(815301076,1909f56bfc062723c751e8b465ee728b)
Start importing Assets/PlatformerSet1/Animated/torch-A-02.png using Guid(09b31d490701d0b48acc760497b071fc) Importer(815301076,1909f56bfc062723c751e8b465ee728b)  -> (artifact id: '078fbc2856b23aa8c3cd12f851751bd8') in 0.035781 seconds 
========================================================================
Received Import Request.
  Time since last request: 0.000258 seconds.
  path: Assets/PlatformerSet1/Animated/torch-A-03.png
  artifactKey: Guid(153d88c4f31c10746aeec324851a95d0) Importer(815301076,1909f56bfc062723c751e8b465ee728b)
Start importing Assets/PlatformerSet1/Animated/torch-A-03.png using Guid(153d88c4f31c10746aeec324851a95d0) Importer(815301076,1909f56bfc062723c751e8b465ee728b)  -> (artifact id: '66ee80112dff1aecf23f681b2cd7b7e4') in 0.019307 seconds 
========================================================================
Received Import Request.
  Time since last request: 0.000536 seconds.
  path: Assets/PlatformerSet1/Animated/torch-B-01.png
  artifactKey: Guid(58d0cdf51a6f8784d95187054a10ab9f) Importer(815301076,1909f56bfc062723c751e8b465ee728b)
Start importing Assets/PlatformerSet1/Animated/torch-B-01.png using Guid(58d0cdf51a6f8784d95187054a10ab9f) Importer(815301076,1909f56bfc062723c751e8b465ee728b)  -> (artifact id: 'be7ab976f910ae05b3f7625c1d1b10e4') in 0.022389 seconds 
========================================================================
Received Import Request.
  Time since last request: 0.000377 seconds.
  path: Assets/PlatformerSet1/Animated/torch-A-04.png
  artifactKey: Guid(724d32bae3df6e9448697123f1acd972) Importer(815301076,1909f56bfc062723c751e8b465ee728b)
Start importing Assets/PlatformerSet1/Animated/torch-A-04.png using Guid(724d32bae3df6e9448697123f1acd972) Importer(815301076,1909f56bfc062723c751e8b465ee728b)  -> (artifact id: '16b6f3baed2cc86248c9241b99b96f7a') in 0.020508 seconds 
========================================================================
Received Import Request.
  Time since last request: 353.960500 seconds.
  path: Assets/scripts/vincenzo.cs
  artifactKey: Guid(dd4b9cc5ac081cc4187edbd789df9a00) Importer(815301076,1909f56bfc062723c751e8b465ee728b)
Start importing Assets/scripts/vincenzo.cs using Guid(dd4b9cc5ac081cc4187edbd789df9a00) Importer(815301076,1909f56bfc062723c751e8b465ee728b)  -> (artifact id: '9e526eb1bbb1ba2f5d05a4252cdbde88') in 0.044535 seconds 
========================================================================
Received Prepare
Registering precompiled user dll's ...
Registered in 0.002760 seconds.
Begin MonoManager ReloadAssembly
Native extension for WindowsStandalone target not found
Native extension for WebGL target not found
Refreshing native plugins compatible for Editor in 0.50 ms, found 3 plugins.
Preloading 0 native plugins for Editor in 0.00 ms.
Mono: successfully reloaded assembly
- Completed reload, in  1.247 seconds
Domain Reload Profiling:
	ReloadAssembly (1247ms)
		BeginReloadAssembly (131ms)
			ExecutionOrderSort (0ms)
			DisableScriptedObjects (10ms)
			BackupInstance (0ms)
			ReleaseScriptingObjects (0ms)
			CreateAndSetChildDomain (41ms)
		EndReloadAssembly (1051ms)
			LoadAssemblies (110ms)
			RebuildTransferFunctionScriptingTraits (0ms)
			SetupTypeCache (449ms)
			ReleaseScriptCaches (1ms)
			RebuildScriptCaches (74ms)
			SetupLoadedEditorAssemblies (310ms)
				LogAssemblyErrors (0ms)
				InitializePlatformSupportModulesInManaged (6ms)
				SetLoadedEditorAssemblies (0ms)
				RefreshPlugins (1ms)
				BeforeProcessingInitializeOnLoad (60ms)
				ProcessInitializeOnLoadAttributes (228ms)
				ProcessInitializeOnLoadMethodAttributes (11ms)
				AfterProcessingInitializeOnLoad (3ms)
				EditorAssembliesLoaded (0ms)
			ExecutionOrderSort2 (0ms)
			AwakeInstancesAfterBackupRestoration (10ms)
Platform modules already initialized, skipping
Refreshing native plugins compatible for Editor in 0.56 ms, found 3 plugins.
Preloading 0 native plugins for Editor in 0.00 ms.
Unloading 2340 Unused Serialized files (Serialized files now loaded: 0)
System memory in use before: 104.5 MB.
System memory in use after: 104.6 MB.

Unloading 21 unused Assets to reduce memory usage. Loaded Objects now: 2808.
Total: 3.523700 ms (FindLiveObjects: 0.193400 ms CreateObjectMapping: 0.101300 ms MarkObjects: 3.056000 ms  DeleteObjects: 0.172300 ms)

AssetImportParameters requested are different than current active one (requested -> active):
  custom:framework-win-MediaFoundation: 216162199b28c13a410421893ffa2e32 -> 
  custom:video-decoder-ogg-theora: a1e56fd34408186e4bbccfd4996cb3dc -> 
  custom:container-muxer-webm: aa71ff27fc2769a1b78a27578f13a17b -> 
  custom:container-demuxer-webm: 4f35f7cbe854078d1ac9338744f61a02 -> 
  custom:container-demuxer-ogg: 62fdf1f143b41e24485cea50d1cbac27 -> 
  custom:video-encoder-webm-vp8: eb34c28f22e8b96e1ab97ce403110664 -> 
  custom:video-decoder-webm-vp8: 9c59270c3fd7afecdb556c50c9e8de78 -> 
  custom:audio-decoder-ogg-vorbis: bf7c407c2cedff20999df2af8eb42d56 -> 
  custom:audio-encoder-webm-vorbis: bf7c407c2cedff20999df2af8eb42d56 -> 
========================================================================
Received Prepare
Registering precompiled user dll's ...
Registered in 0.004950 seconds.
Begin MonoManager ReloadAssembly
Native extension for WindowsStandalone target not found
Native extension for WebGL target not found
Refreshing native plugins compatible for Editor in 0.51 ms, found 3 plugins.
Preloading 0 native plugins for Editor in 0.00 ms.
Mono: successfully reloaded assembly
- Completed reload, in  1.275 seconds
Domain Reload Profiling:
	ReloadAssembly (1276ms)
		BeginReloadAssembly (124ms)
			ExecutionOrderSort (0ms)
			DisableScriptedObjects (7ms)
			BackupInstance (0ms)
			ReleaseScriptingObjects (0ms)
			CreateAndSetChildDomain (37ms)
		EndReloadAssembly (1081ms)
			LoadAssemblies (112ms)
			RebuildTransferFunctionScriptingTraits (0ms)
			SetupTypeCache (417ms)
			ReleaseScriptCaches (1ms)
			RebuildScriptCaches (47ms)
			SetupLoadedEditorAssemblies (414ms)
				LogAssemblyErrors (0ms)
				InitializePlatformSupportModulesInManaged (8ms)
				SetLoadedEditorAssemblies (1ms)
				RefreshPlugins (1ms)
				BeforeProcessingInitializeOnLoad (140ms)
				ProcessInitializeOnLoadAttributes (250ms)
				ProcessInitializeOnLoadMethodAttributes (12ms)
				AfterProcessingInitializeOnLoad (3ms)
				EditorAssembliesLoaded (0ms)
			ExecutionOrderSort2 (0ms)
			AwakeInstancesAfterBackupRestoration (9ms)
Platform modules already initialized, skipping
Refreshing native plugins compatible for Editor in 0.52 ms, found 3 plugins.
Preloading 0 native plugins for Editor in 0.00 ms.
Unloading 2340 Unused Serialized files (Serialized files now loaded: 0)
System memory in use before: 104.5 MB.
System memory in use after: 104.6 MB.

Unloading 21 unused Assets to reduce memory usage. Loaded Objects now: 2810.
Total: 3.506800 ms (FindLiveObjects: 0.193500 ms CreateObjectMapping: 0.121800 ms MarkObjects: 3.012800 ms  DeleteObjects: 0.178000 ms)

AssetImportParameters requested are different than current active one (requested -> active):
  custom:framework-win-MediaFoundation: 216162199b28c13a410421893ffa2e32 -> 
  custom:video-decoder-ogg-theora: a1e56fd34408186e4bbccfd4996cb3dc -> 
  custom:container-muxer-webm: aa71ff27fc2769a1b78a27578f13a17b -> 
  custom:container-demuxer-webm: 4f35f7cbe854078d1ac9338744f61a02 -> 
  custom:container-demuxer-ogg: 62fdf1f143b41e24485cea50d1cbac27 -> 
  custom:video-encoder-webm-vp8: eb34c28f22e8b96e1ab97ce403110664 -> 
  custom:video-decoder-webm-vp8: 9c59270c3fd7afecdb556c50c9e8de78 -> 
  custom:audio-decoder-ogg-vorbis: bf7c407c2cedff20999df2af8eb42d56 -> 
  custom:audio-encoder-webm-vorbis: bf7c407c2cedff20999df2af8eb42d56 -> 
========================================================================
Received Prepare
Registering precompiled user dll's ...
Registered in 0.002458 seconds.
Begin MonoManager ReloadAssembly
Native extension for WindowsStandalone target not found
Native extension for WebGL target not found
Refreshing native plugins compatible for Editor in 0.57 ms, found 3 plugins.
Preloading 0 native plugins for Editor in 0.00 ms.
Mono: successfully reloaded assembly
- Completed reload, in  1.281 seconds
Domain Reload Profiling:
	ReloadAssembly (1281ms)
		BeginReloadAssembly (128ms)
			ExecutionOrderSort (0ms)
			DisableScriptedObjects (7ms)
			BackupInstance (0ms)
			ReleaseScriptingObjects (0ms)
			CreateAndSetChildDomain (39ms)
		EndReloadAssembly (1092ms)
			LoadAssemblies (105ms)
			RebuildTransferFunctionScriptingTraits (0ms)
			SetupTypeCache (378ms)
			ReleaseScriptCaches (1ms)
			RebuildScriptCaches (96ms)
			SetupLoadedEditorAssemblies (346ms)
				LogAssemblyErrors (0ms)
				InitializePlatformSupportModulesInManaged (8ms)
				SetLoadedEditorAssemblies (1ms)
				RefreshPlugins (1ms)
				BeforeProcessingInitializeOnLoad (70ms)
				ProcessInitializeOnLoadAttributes (252ms)
				ProcessInitializeOnLoadMethodAttributes (12ms)
				AfterProcessingInitializeOnLoad (3ms)
				EditorAssembliesLoaded (0ms)
			ExecutionOrderSort2 (0ms)
			AwakeInstancesAfterBackupRestoration (12ms)
Platform modules already initialized, skipping
Refreshing native plugins compatible for Editor in 0.73 ms, found 3 plugins.
Preloading 0 native plugins for Editor in 0.00 ms.
Unloading 2340 Unused Serialized files (Serialized files now loaded: 0)
System memory in use before: 104.6 MB.
System memory in use after: 104.6 MB.

Unloading 21 unused Assets to reduce memory usage. Loaded Objects now: 2812.
Total: 4.547900 ms (FindLiveObjects: 0.338000 ms CreateObjectMapping: 0.172100 ms MarkObjects: 3.853000 ms  DeleteObjects: 0.183600 ms)

AssetImportParameters requested are different than current active one (requested -> active):
  custom:framework-win-MediaFoundation: 216162199b28c13a410421893ffa2e32 -> 
  custom:video-decoder-ogg-theora: a1e56fd34408186e4bbccfd4996cb3dc -> 
  custom:container-muxer-webm: aa71ff27fc2769a1b78a27578f13a17b -> 
  custom:container-demuxer-webm: 4f35f7cbe854078d1ac9338744f61a02 -> 
  custom:container-demuxer-ogg: 62fdf1f143b41e24485cea50d1cbac27 -> 
  custom:video-encoder-webm-vp8: eb34c28f22e8b96e1ab97ce403110664 -> 
  custom:video-decoder-webm-vp8: 9c59270c3fd7afecdb556c50c9e8de78 -> 
  custom:audio-decoder-ogg-vorbis: bf7c407c2cedff20999df2af8eb42d56 -> 
  custom:audio-encoder-webm-vorbis: bf7c407c2cedff20999df2af8eb42d56 -> 
========================================================================
Received Prepare
Registering precompiled user dll's ...
Registered in 0.003327 seconds.
Begin MonoManager ReloadAssembly
Native extension for WindowsStandalone target not found
Native extension for WebGL target not found
Refreshing native plugins compatible for Editor in 0.49 ms, found 3 plugins.
Preloading 0 native plugins for Editor in 0.00 ms.
Mono: successfully reloaded assembly
- Completed reload, in  1.173 seconds
Domain Reload Profiling:
	ReloadAssembly (1173ms)
		BeginReloadAssembly (130ms)
			ExecutionOrderSort (0ms)
			DisableScriptedObjects (8ms)
			BackupInstance (0ms)
			ReleaseScriptingObjects (0ms)
			CreateAndSetChildDomain (37ms)
		EndReloadAssembly (978ms)
			LoadAssemblies (120ms)
			RebuildTransferFunctionScriptingTraits (0ms)
			SetupTypeCache (365ms)
			ReleaseScriptCaches (1ms)
			RebuildScriptCaches (50ms)
			SetupLoadedEditorAssemblies (337ms)
				LogAssemblyErrors (0ms)
				InitializePlatformSupportModulesInManaged (6ms)
				SetLoadedEditorAssemblies (0ms)
				RefreshPlugins (1ms)
				BeforeProcessingInitializeOnLoad (61ms)
				ProcessInitializeOnLoadAttributes (256ms)
				ProcessInitializeOnLoadMethodAttributes (11ms)
				AfterProcessingInitializeOnLoad (3ms)
				EditorAssembliesLoaded (0ms)
			ExecutionOrderSort2 (0ms)
			AwakeInstancesAfterBackupRestoration (10ms)
Platform modules already initialized, skipping
Refreshing native plugins compatible for Editor in 0.52 ms, found 3 plugins.
Preloading 0 native plugins for Editor in 0.00 ms.
Unloading 2340 Unused Serialized files (Serialized files now loaded: 0)
System memory in use before: 104.5 MB.
System memory in use after: 104.5 MB.

Unloading 21 unused Assets to reduce memory usage. Loaded Objects now: 2814.
Total: 3.727900 ms (FindLiveObjects: 0.307700 ms CreateObjectMapping: 0.172800 ms MarkObjects: 3.125600 ms  DeleteObjects: 0.121000 ms)

AssetImportParameters requested are different than current active one (requested -> active):
  custom:framework-win-MediaFoundation: 216162199b28c13a410421893ffa2e32 -> 
  custom:video-decoder-ogg-theora: a1e56fd34408186e4bbccfd4996cb3dc -> 
  custom:container-muxer-webm: aa71ff27fc2769a1b78a27578f13a17b -> 
  custom:container-demuxer-webm: 4f35f7cbe854078d1ac9338744f61a02 -> 
  custom:container-demuxer-ogg: 62fdf1f143b41e24485cea50d1cbac27 -> 
  custom:video-encoder-webm-vp8: eb34c28f22e8b96e1ab97ce403110664 -> 
  custom:video-decoder-webm-vp8: 9c59270c3fd7afecdb556c50c9e8de78 -> 
  custom:audio-decoder-ogg-vorbis: bf7c407c2cedff20999df2af8eb42d56 -> 
  custom:audio-encoder-webm-vorbis: bf7c407c2cedff20999df2af8eb42d56 -> 
========================================================================
Received Prepare
Registering precompiled user dll's ...
Registered in 0.002492 seconds.
Begin MonoManager ReloadAssembly
Native extension for WindowsStandalone target not found
Native extension for WebGL target not found
Refreshing native plugins compatible for Editor in 0.51 ms, found 3 plugins.
Preloading 0 native plugins for Editor in 0.00 ms.
Mono: successfully reloaded assembly
- Completed reload, in  1.178 seconds
Domain Reload Profiling:
	ReloadAssembly (1178ms)
		BeginReloadAssembly (127ms)
			ExecutionOrderSort (0ms)
			DisableScriptedObjects (7ms)
			BackupInstance (0ms)
			ReleaseScriptingObjects (0ms)
			CreateAndSetChildDomain (42ms)
		EndReloadAssembly (989ms)
			LoadAssemblies (112ms)
			RebuildTransferFunctionScriptingTraits (0ms)
			SetupTypeCache (324ms)
			ReleaseScriptCaches (1ms)
			RebuildScriptCaches (46ms)
			SetupLoadedEditorAssemblies (323ms)
				LogAssemblyErrors (0ms)
				InitializePlatformSupportModulesInManaged (5ms)
				SetLoadedEditorAssemblies (1ms)
				RefreshPlugins (1ms)
				BeforeProcessingInitializeOnLoad (59ms)
				ProcessInitializeOnLoadAttributes (241ms)
				ProcessInitializeOnLoadMethodAttributes (12ms)
				AfterProcessingInitializeOnLoad (4ms)
				EditorAssembliesLoaded (0ms)
			ExecutionOrderSort2 (0ms)
			AwakeInstancesAfterBackupRestoration (10ms)
Platform modules already initialized, skipping
Refreshing native plugins compatible for Editor in 0.52 ms, found 3 plugins.
Preloading 0 native plugins for Editor in 0.00 ms.
Unloading 2340 Unused Serialized files (Serialized files now loaded: 0)
System memory in use before: 104.6 MB.
System memory in use after: 104.6 MB.

Unloading 21 unused Assets to reduce memory usage. Loaded Objects now: 2816.
Total: 3.458800 ms (FindLiveObjects: 0.200600 ms CreateObjectMapping: 0.107900 ms MarkObjects: 2.972900 ms  DeleteObjects: 0.176800 ms)

AssetImportParameters requested are different than current active one (requested -> active):
  custom:framework-win-MediaFoundation: 216162199b28c13a410421893ffa2e32 -> 
  custom:video-decoder-ogg-theora: a1e56fd34408186e4bbccfd4996cb3dc -> 
  custom:container-muxer-webm: aa71ff27fc2769a1b78a27578f13a17b -> 
  custom:container-demuxer-webm: 4f35f7cbe854078d1ac9338744f61a02 -> 
  custom:container-demuxer-ogg: 62fdf1f143b41e24485cea50d1cbac27 -> 
  custom:video-encoder-webm-vp8: eb34c28f22e8b96e1ab97ce403110664 -> 
  custom:video-decoder-webm-vp8: 9c59270c3fd7afecdb556c50c9e8de78 -> 
  custom:audio-decoder-ogg-vorbis: bf7c407c2cedff20999df2af8eb42d56 -> 
  custom:audio-encoder-webm-vorbis: bf7c407c2cedff20999df2af8eb42d56 -> 
========================================================================
Received Prepare
Registering precompiled user dll's ...
Registered in 0.003456 seconds.
Begin MonoManager ReloadAssembly
Native extension for WindowsStandalone target not found
Native extension for WebGL target not found
Refreshing native plugins compatible for Editor in 0.60 ms, found 3 plugins.
Preloading 0 native plugins for Editor in 0.00 ms.
Mono: successfully reloaded assembly
- Completed reload, in  1.107 seconds
Domain Reload Profiling:
	ReloadAssembly (1108ms)
		BeginReloadAssembly (114ms)
			ExecutionOrderSort (0ms)
			DisableScriptedObjects (6ms)
			BackupInstance (0ms)
			ReleaseScriptingObjects (0ms)
			CreateAndSetChildDomain (35ms)
		EndReloadAssembly (925ms)
			LoadAssemblies (101ms)
			RebuildTransferFunctionScriptingTraits (0ms)
			SetupTypeCache (359ms)
			ReleaseScriptCaches (1ms)
			RebuildScriptCaches (50ms)
			SetupLoadedEditorAssemblies (316ms)
				LogAssemblyErrors (0ms)
				InitializePlatformSupportModulesInManaged (5ms)
				SetLoadedEditorAssemblies (0ms)
				RefreshPlugins (1ms)
				BeforeProcessingInitializeOnLoad (61ms)
				ProcessInitializeOnLoadAttributes (233ms)
				ProcessInitializeOnLoadMethodAttributes (12ms)
				AfterProcessingInitializeOnLoad (4ms)
				EditorAssembliesLoaded (0ms)
			ExecutionOrderSort2 (0ms)
			AwakeInstancesAfterBackupRestoration (9ms)
Platform modules already initialized, skipping
Refreshing native plugins compatible for Editor in 0.55 ms, found 3 plugins.
Preloading 0 native plugins for Editor in 0.00 ms.
Unloading 2340 Unused Serialized files (Serialized files now loaded: 0)
System memory in use before: 104.6 MB.
System memory in use after: 104.6 MB.

Unloading 21 unused Assets to reduce memory usage. Loaded Objects now: 2818.
Total: 3.428000 ms (FindLiveObjects: 0.197100 ms CreateObjectMapping: 0.122500 ms MarkObjects: 2.933500 ms  DeleteObjects: 0.174200 ms)

AssetImportParameters requested are different than current active one (requested -> active):
  custom:framework-win-MediaFoundation: 216162199b28c13a410421893ffa2e32 -> 
  custom:video-decoder-ogg-theora: a1e56fd34408186e4bbccfd4996cb3dc -> 
  custom:container-muxer-webm: aa71ff27fc2769a1b78a27578f13a17b -> 
  custom:container-demuxer-webm: 4f35f7cbe854078d1ac9338744f61a02 -> 
  custom:container-demuxer-ogg: 62fdf1f143b41e24485cea50d1cbac27 -> 
  custom:video-encoder-webm-vp8: eb34c28f22e8b96e1ab97ce403110664 -> 
  custom:video-decoder-webm-vp8: 9c59270c3fd7afecdb556c50c9e8de78 -> 
  custom:audio-decoder-ogg-vorbis: bf7c407c2cedff20999df2af8eb42d56 -> 
  custom:audio-encoder-webm-vorbis: bf7c407c2cedff20999df2af8eb42d56 -> 
AssetImportWorkerClient::OnTransportError - code=2 error=End of file
